[2016-11-08 16:58:47] local.ERROR: exception 'RuntimeException' with message 'OpenSSL extension is required.' in D:\xampp\htdocs\prohygieneLast\vendor\compiled.php:5617
Stack trace:
#0 D:\xampp\htdocs\prohygieneLast\vendor\laravel\framework\src\Illuminate\Support\helpers.php(685): Illuminate\Support\Str::random(25)
#1 D:\xampp\htdocs\prohygieneLast\vendor\compiled.php(10939): str_random(25)
#2 D:\xampp\htdocs\prohygieneLast\vendor\compiled.php(10929): Illuminate\Session\Store->generateSessionId()
#3 D:\xampp\htdocs\prohygieneLast\vendor\compiled.php(10882): Illuminate\Session\Store->setId(NULL)
#4 D:\xampp\htdocs\prohygieneLast\vendor\compiled.php(11224): Illuminate\Session\Store->__construct('laravel_session', Object(Illuminate\Session\FileSessionHandler))
#5 D:\xampp\htdocs\prohygieneLast\vendor\compiled.php(11179): Illuminate\Session\SessionManager->buildSession(Object(Illuminate\Session\FileSessionHandler))
#6 D:\xampp\htdocs\prohygieneLast\vendor\compiled.php(11174): Illuminate\Session\SessionManager->createNativeDriver()
#7 D:\xampp\htdocs\prohygieneLast\vendor\compiled.php(11268): Illuminate\Session\SessionManager->createFileDriver()
#8 D:\xampp\htdocs\prohygieneLast\vendor\compiled.php(11258): Illuminate\Support\Manager->createDriver('file')
#9 D:\xampp\htdocs\prohygieneLast\vendor\compiled.php(10807): Illuminate\Support\Manager->driver()
#10 D:\xampp\htdocs\prohygieneLast\vendor\compiled.php(10801): Illuminate\Session\Middleware\StartSession->getSession(Object(Illuminate\Http\Request))
#11 D:\xampp\htdocs\prohygieneLast\vendor\compiled.php(10782): Illuminate\Session\Middleware\StartSession->startSession(Object(Illuminate\Http\Request))
#12 D:\xampp\htdocs\prohygieneLast\vendor\compiled.php(8944): Illuminate\Session\Middleware\StartSession->handle(Object(Illuminate\Http\Request), Object(Closure))
#13 D:\xampp\htdocs\prohygieneLast\vendor\compiled.php(11789): Illuminate\Pipeline\Pipeline->Illuminate\Pipeline\{closure}(Object(Illuminate\Http\Request))
#14 D:\xampp\htdocs\prohygieneLast\vendor\compiled.php(8944): Illuminate\Cookie\Middleware\AddQueuedCookiesToResponse->handle(Object(Illuminate\Http\Request), Object(Closure))
#15 D:\xampp\htdocs\prohygieneLast\vendor\compiled.php(11738): Illuminate\Pipeline\Pipeline->Illuminate\Pipeline\{closure}(Object(Illuminate\Http\Request))
#16 D:\xampp\htdocs\prohygieneLast\vendor\compiled.php(8944): Illuminate\Cookie\Middleware\EncryptCookies->handle(Object(Illuminate\Http\Request), Object(Closure))
#17 D:\xampp\htdocs\prohygieneLast\vendor\compiled.php(2478): Illuminate\Pipeline\Pipeline->Illuminate\Pipeline\{closure}(Object(Illuminate\Http\Request))
#18 D:\xampp\htdocs\prohygieneLast\vendor\compiled.php(8944): Illuminate\Foundation\Http\Middleware\CheckForMaintenanceMode->handle(Object(Illuminate\Http\Request), Object(Closure))
#19 [internal function]: Illuminate\Pipeline\Pipeline->Illuminate\Pipeline\{closure}(Object(Illuminate\Http\Request))
#20 D:\xampp\htdocs\prohygieneLast\vendor\compiled.php(8935): call_user_func(Object(Closure), Object(Illuminate\Http\Request))
#21 D:\xampp\htdocs\prohygieneLast\vendor\compiled.php(1891): Illuminate\Pipeline\Pipeline->then(Object(Closure))
#22 D:\xampp\htdocs\prohygieneLast\vendor\compiled.php(1880): Illuminate\Foundation\Http\Kernel->sendRequestThroughRouter(Object(Illuminate\Http\Request))
#23 D:\xampp\htdocs\prohygieneLast\public\index.php(53): Illuminate\Foundation\Http\Kernel->handle(Object(Illuminate\Http\Request))
#24 {main}  
[2016-11-08 16:58:47] local.ERROR: exception 'RuntimeException' with message 'OpenSSL extension is required.' in D:\xampp\htdocs\prohygieneLast\vendor\compiled.php:5617
Stack trace:
#0 D:\xampp\htdocs\prohygieneLast\vendor\laravel\framework\src\Illuminate\Support\helpers.php(685): Illuminate\Support\Str::random(25)
#1 D:\xampp\htdocs\prohygieneLast\vendor\compiled.php(10939): str_random(25)
#2 D:\xampp\htdocs\prohygieneLast\vendor\compiled.php(10929): Illuminate\Session\Store->generateSessionId()
#3 D:\xampp\htdocs\prohygieneLast\vendor\compiled.php(10882): Illuminate\Session\Store->setId(NULL)
#4 D:\xampp\htdocs\prohygieneLast\vendor\compiled.php(11224): Illuminate\Session\Store->__construct('laravel_session', Object(Illuminate\Session\FileSessionHandler))
#5 D:\xampp\htdocs\prohygieneLast\vendor\compiled.php(11179): Illuminate\Session\SessionManager->buildSession(Object(Illuminate\Session\FileSessionHandler))
#6 D:\xampp\htdocs\prohygieneLast\vendor\compiled.php(11174): Illuminate\Session\SessionManager->createNativeDriver()
#7 D:\xampp\htdocs\prohygieneLast\vendor\compiled.php(11268): Illuminate\Session\SessionManager->createFileDriver()
#8 D:\xampp\htdocs\prohygieneLast\vendor\compiled.php(11258): Illuminate\Support\Manager->createDriver('file')
#9 D:\xampp\htdocs\prohygieneLast\vendor\compiled.php(10860): Illuminate\Support\Manager->driver()
#10 D:\xampp\htdocs\prohygieneLast\vendor\compiled.php(10795): Illuminate\Session\Middleware\StartSession->usingCookieSessions()
#11 D:\xampp\htdocs\prohygieneLast\vendor\compiled.php(1899): Illuminate\Session\Middleware\StartSession->terminate(Object(Illuminate\Http\Request), Object(Symfony\Component\HttpFoundation\Response))
#12 D:\xampp\htdocs\prohygieneLast\public\index.php(57): Illuminate\Foundation\Http\Kernel->terminate(Object(Illuminate\Http\Request), Object(Symfony\Component\HttpFoundation\Response))
#13 {main}  
